INFO:    Starting build...
Copying blob sha256:24c9ec169934c78008ef30494c5735cce146c038004a2cf1bd5f63b674c75093
Copying blob sha256:8a628cdd7ccc83e90e5a95888fcb0ec24b991141176c515ad101f12d6433eb96
Copying blob sha256:74018f7cfa8f2965fd86b13c38f71417bc846e071a5f5bb5ae569ccb5a6e7248
Copying blob sha256:a0b0cfc480ce03c723a597904bcfbf28c71438c689e6d5097c2332835f67a40c
Copying blob sha256:97d21b95fb00ac3b08975ab6f8709f3a7e35a05d75e2f9a70fa95348279dac27
Copying blob sha256:d4802e1316679b361e2ebd439a0153a86f1a74de1f6490bce82b6985cdd27bd5
Copying blob sha256:bc05d8da204fd477b8bf4f4aeef2a6ea6694053102449fc04e709c6203026eb8
Copying blob sha256:cf612e53a4c896366012dc36f6caea05fdd787b1ef4f52405a61d081f0fc05a0
Copying config sha256:0ac2dd017a895bf7cb7bda4e539f8b1cd9ad226083ac43541704cad96e34dab9
Writing manifest to image destination
2025/04/24 14:40:06  info unpack layer: sha256:8a628cdd7ccc83e90e5a95888fcb0ec24b991141176c515ad101f12d6433eb96
2025/04/24 14:40:07  info unpack layer: sha256:74018f7cfa8f2965fd86b13c38f71417bc846e071a5f5bb5ae569ccb5a6e7248
2025/04/24 14:40:07  info unpack layer: sha256:a0b0cfc480ce03c723a597904bcfbf28c71438c689e6d5097c2332835f67a40c
2025/04/24 14:40:08  info unpack layer: sha256:97d21b95fb00ac3b08975ab6f8709f3a7e35a05d75e2f9a70fa95348279dac27
2025/04/24 14:40:08  info unpack layer: sha256:d4802e1316679b361e2ebd439a0153a86f1a74de1f6490bce82b6985cdd27bd5
2025/04/24 14:40:08  info unpack layer: sha256:24c9ec169934c78008ef30494c5735cce146c038004a2cf1bd5f63b674c75093
2025/04/24 14:40:08  info unpack layer: sha256:bc05d8da204fd477b8bf4f4aeef2a6ea6694053102449fc04e709c6203026eb8
2025/04/24 14:40:11  info unpack layer: sha256:cf612e53a4c896366012dc36f6caea05fdd787b1ef4f52405a61d081f0fc05a0
INFO:    Creating SIF file...
INFO:    Build complete: python-train-sd.sif
